Symlinking /home/fang/catkin_wsfrj/devel/lib/dual_arm_robot_demo/use_65_demo_all.py
Symlinking /home/fang/catkin_wsfrj/devel/lib/dual_arm_robot_demo/catch2object_grippers.py
Symlinking /home/fang/catkin_wsfrj/devel/lib/dual_arm_robot_demo/lift_control.py
Symlinking /home/fang/catkin_wsfrj/devel/lib/dual_arm_robot_demo/pose_udp.py
Symlinking /home/fang/catkin_wsfrj/devel/lib/dual_arm_robot_demo/detect_object.py
Symlinking /home/fang/catkin_wsfrj/devel/lib/dual_arm_robot_demo/catch2object_hand.py
Symlinking /home/fang/catkin_wsfrj/devel/lib/dual_arm_robot_demo/camera_pose.py
Symlinking /home/fang/catkin_wsfrj/devel/lib/dual_arm_robot_demo/aoyi_hand.py
Symlinking /home/fang/catkin_wsfrj/devel/lib/dual_arm_robot_demo/use_75_demo_all.py
Symlinking /home/fang/catkin_wsfrj/devel/lib/pkgconfig/dual_arm_robot_demo.pc
Symlinking /home/fang/catkin_wsfrj/devel/lib/python3/dist-packages/dual_arm_robot_demo/__init__.py
Symlinking /home/fang/catkin_wsfrj/devel/lib/python3/dist-packages/dual_arm_robot_demo/msg/__init__.py
Symlinking /home/fang/catkin_wsfrj/devel/lib/python3/dist-packages/dual_arm_robot_demo/msg/_ObjectPose.py
Symlinking /home/fang/catkin_wsfrj/devel/share/dual_arm_robot_demo/cmake/dual_arm_robot_demoConfig-version.cmake
Symlinking /home/fang/catkin_wsfrj/devel/share/dual_arm_robot_demo/cmake/dual_arm_robot_demoConfig.cmake
Symlinking /home/fang/catkin_wsfrj/devel/share/dual_arm_robot_demo/cmake/dual_arm_robot_demo-msg-extras.cmake
Symlinking /home/fang/catkin_wsfrj/devel/share/dual_arm_robot_demo/cmake/dual_arm_robot_demo-msg-paths.cmake
Symlinking /home/fang/catkin_wsfrj/devel/share/gennodejs/ros/dual_arm_robot_demo/_index.js
Symlinking /home/fang/catkin_wsfrj/devel/share/gennodejs/ros/dual_arm_robot_demo/msg/ObjectPose.js
Symlinking /home/fang/catkin_wsfrj/devel/share/gennodejs/ros/dual_arm_robot_demo/msg/_index.js
Symlinking /home/fang/catkin_wsfrj/devel/share/roseus/ros/dual_arm_robot_demo/manifest.l
Symlinking /home/fang/catkin_wsfrj/devel/share/roseus/ros/dual_arm_robot_demo/msg/ObjectPose.l
Symlinking /home/fang/catkin_wsfrj/devel/share/common-lisp/ros/dual_arm_robot_demo/msg/_package.lisp
Symlinking /home/fang/catkin_wsfrj/devel/share/common-lisp/ros/dual_arm_robot_demo/msg/ObjectPose.lisp
Symlinking /home/fang/catkin_wsfrj/devel/share/common-lisp/ros/dual_arm_robot_demo/msg/dual_arm_robot_demo-msg.asd
Symlinking /home/fang/catkin_wsfrj/devel/share/common-lisp/ros/dual_arm_robot_demo/msg/_package_ObjectPose.lisp
Symlinking /home/fang/catkin_wsfrj/devel/include/dual_arm_robot_demo/ObjectPose.h
