[  0%] Built target std_msgs_generate_messages_nodejs
[  0%] Built target geometry_msgs_generate_messages_nodejs
[  0%] Built target _dual_arm_msgs_generate_messages_check_deps_Lift_Speed
[  0%] Built target _dual_arm_msgs_generate_messages_check_deps_Socket_Command
[  0%] Built target _dual_arm_msgs_generate_messages_check_deps_Arm_Current_State
[  0%] Built target _dual_arm_msgs_generate_messages_check_deps_Hand_Seq
[  0%] Built target _dual_arm_msgs_generate_messages_check_deps_Joint_Max_Speed
[  0%] Built target _dual_arm_msgs_generate_messages_check_deps_Joint_Enable
[  0%] Built target _dual_arm_msgs_generate_messages_check_deps_Tool_Digital_Output
[  0%] Built target _dual_arm_msgs_generate_messages_check_deps_Lift_Height
[  0%] Built target _dual_arm_msgs_generate_messages_check_deps_Arm_Joint_Speed_Max
[  0%] Built target _dual_arm_msgs_generate_messages_check_deps_ChangeTool_State
[  0%] Built target _dual_arm_msgs_generate_messages_check_deps_MoveJ
[  0%] Built target _dual_arm_msgs_generate_messages_check_deps_Arm_Pose_Euler
[  0%] Built target _dual_arm_msgs_generate_messages_check_deps_Ort_Teach
[  0%] Built target _dual_arm_msgs_generate_messages_check_deps_JointPos
[  0%] Built target _dual_arm_msgs_generate_messages_check_deps_Arm_IO_State
[  0%] Built target _dual_arm_msgs_generate_messages_check_deps_Arm_Software_Version
[  0%] Built target _dual_arm_msgs_generate_messages_check_deps_Stop_Teach
[  0%] Built target _dual_arm_msgs_generate_messages_check_deps_Set_Realtime_Push
[  0%] Built target _dual_arm_msgs_generate_messages_check_deps_Force_Position_State
[  0%] Built target _dual_arm_msgs_generate_messages_check_deps_Servo_Move
[  0%] Built target _dual_arm_msgs_generate_messages_check_deps_LiftState
[  0%] Built target _dual_arm_msgs_generate_messages_check_deps_Servo_GetAngle
[  0%] Built target _dual_arm_msgs_generate_messages_check_deps_Joint_Current
[  0%] Built target _dual_arm_msgs_generate_messages_check_deps_Hand_Posture
[  0%] Built target _dual_arm_msgs_generate_messages_check_deps_Set_Force_Position
[  0%] Built target _dual_arm_msgs_generate_messages_check_deps_Force_Position_Move_Pose
[  0%] Built target _dual_arm_msgs_generate_messages_check_deps_Six_Force
[  0%] Built target _dual_arm_msgs_generate_messages_check_deps_Hand_Force
[  0%] Built target _dual_arm_msgs_generate_messages_check_deps_Arm_Analog_Output
[  0%] Built target _dual_arm_msgs_generate_messages_check_deps_Arm_Digital_Output
[  0%] Built target _dual_arm_msgs_generate_messages_check_deps_CartePos
[  0%] Built target _dual_arm_msgs_generate_messages_check_deps_Start_Multi_Drag_Teach
[  0%] Built target _dual_arm_msgs_generate_messages_check_deps_IO_Update
[  0%] Built target _dual_arm_msgs_generate_messages_check_deps_ArmState
[  0%] Built target _dual_arm_msgs_generate_messages_check_deps_Hand_Speed
[  0%] Built target _dual_arm_msgs_generate_messages_check_deps_Manual_Set_Force_Pose
[  0%] Built target _dual_arm_msgs_generate_messages_check_deps_MoveC
[  0%] Built target _dual_arm_msgs_generate_messages_check_deps_Turtle_Driver
[  0%] Built target _dual_arm_msgs_generate_messages_check_deps_Joint_Step
[  0%] Built target _dual_arm_msgs_generate_messages_check_deps_MoveJ_P
[  0%] Built target _dual_arm_msgs_generate_messages_check_deps_MoveL
[  0%] Built target _dual_arm_msgs_generate_messages_check_deps_Hand_Angle
[  0%] Built target std_msgs_generate_messages_cpp
[  0%] Built target geometry_msgs_generate_messages_cpp
[  0%] Built target _dual_arm_msgs_generate_messages_check_deps_Plan_State
[  0%] Built target std_msgs_generate_messages_py
[  0%] Built target geometry_msgs_generate_messages_py
[  0%] Built target _dual_arm_msgs_generate_messages_check_deps_ChangeTool_Name
[  0%] Built target _dual_arm_msgs_generate_messages_check_deps_ChangeWorkFrame_State
[  0%] Built target _dual_arm_msgs_generate_messages_check_deps_Tool_Analog_Output
[  0%] Built target _dual_arm_msgs_generate_messages_check_deps_ChangeWorkFrame_Name
[  0%] Built target _dual_arm_msgs_generate_messages_check_deps_CarteFdPose
[  0%] Built target _dual_arm_msgs_generate_messages_check_deps_Gripper_Set
[  0%] Built target std_msgs_generate_messages_lisp
[  0%] Built target _dual_arm_msgs_generate_messages_check_deps_Tool_IO_State
[  0%] Built target _dual_arm_msgs_generate_messages_check_deps_GetArmState_Command
[  0%] Built target _dual_arm_msgs_generate_messages_check_deps_Force_Position_Move_Joint
[  0%] Built target _dual_arm_msgs_generate_messages_check_deps_Pos_Teach
[  0%] Built target geometry_msgs_generate_messages_lisp
[  0%] Built target geometry_msgs_generate_messages_eus
[  0%] Built target _dual_arm_msgs_generate_messages_check_deps_Stop
[  0%] Built target _dual_arm_msgs_generate_messages_check_deps_Cabinet
[  0%] Built target std_msgs_generate_messages_eus
[  0%] Built target _dual_arm_msgs_generate_messages_check_deps_Gripper_Pick
[  0%] Built target _dual_arm_msgs_generate_messages_check_deps_Joint_Teach
[  2%] [34m[1mGenerating Lisp code from dual_arm_msgs/Plan_State.msg[0m
[  2%] [34m[1mGenerating C++ code from dual_arm_msgs/Ort_Teach.msg[0m
[  2%] [34m[1mGenerating C++ code from dual_arm_msgs/ChangeWorkFrame_Name.msg[0m
[  2%] [34m[1mGenerating C++ code from dual_arm_msgs/Arm_Current_State.msg[0m
[  2%] [34m[1mGenerating C++ code from dual_arm_msgs/GetArmState_Command.msg[0m
[  7%] [34m[1mGenerating Lisp code from dual_arm_msgs/Tool_Digital_Output.msg[0m
[ 20%] [34m[1mGenerating Python from MSG dual_arm_msgs/MoveL[0m
[ 21%] Built target dual_arm_msgs_generate_messages_nodejs
[ 21%] [34m[1mGenerating EusLisp code from dual_arm_msgs/JointPos.msg[0m
[ 22%] [34m[1mGenerating EusLisp code from dual_arm_msgs/MoveC.msg[0m
[ 23%] [34m[1mGenerating C++ code from dual_arm_msgs/CarteFdPose.msg[0m
[ 24%] [34m[1mGenerating C++ code from dual_arm_msgs/Stop.msg[0m
[ 25%] [34m[1mGenerating Python from MSG dual_arm_msgs/MoveJ_P[0m
[ 25%] [34m[1mGenerating C++ code from dual_arm_msgs/Joint_Teach.msg[0m
[ 25%] [34m[1mGenerating C++ code from dual_arm_msgs/Pos_Teach.msg[0m
[ 25%] [34m[1mGenerating Python from MSG dual_arm_msgs/Tool_Analog_Output[0m
[ 26%] [34m[1mGenerating Python from MSG dual_arm_msgs/Tool_Digital_Output[0m
[ 26%] [34m[1mGenerating Lisp code from dual_arm_msgs/Tool_IO_State.msg[0m
[ 26%] [34m[1mGenerating EusLisp code from dual_arm_msgs/MoveJ.msg[0m
[ 26%] [34m[1mGenerating Python from MSG dual_arm_msgs/Tool_IO_State[0m
[ 26%] [34m[1mGenerating Lisp code from dual_arm_msgs/Cabinet.msg[0m
[ 26%] [34m[1mGenerating C++ code from dual_arm_msgs/Stop_Teach.msg[0m
[ 26%] [34m[1mGenerating Lisp code from dual_arm_msgs/ChangeTool_State.msg[0m
[ 26%] [34m[1mGenerating Python from MSG dual_arm_msgs/Plan_State[0m
[ 27%] [34m[1mGenerating Lisp code from dual_arm_msgs/ChangeTool_Name.msg[0m
[ 27%] [34m[1mGenerating EusLisp code from dual_arm_msgs/MoveJ_P.msg[0m
[ 28%] [34m[1mGenerating EusLisp code from dual_arm_msgs/MoveL.msg[0m
[ 29%] [34m[1mGenerating C++ code from dual_arm_msgs/Gripper_Pick.msg[0m
[ 29%] [34m[1mGenerating C++ code from dual_arm_msgs/Gripper_Set.msg[0m
[ 30%] [34m[1mGenerating EusLisp code from dual_arm_msgs/Tool_Analog_Output.msg[0m
[ 30%] [34m[1mGenerating Python from MSG dual_arm_msgs/Cabinet[0m
[ 30%] [34m[1mGenerating Python from MSG dual_arm_msgs/ChangeTool_State[0m
[ 30%] [34m[1mGenerating Python from MSG dual_arm_msgs/ChangeTool_Name[0m
[ 30%] [34m[1mGenerating EusLisp code from dual_arm_msgs/Tool_Digital_Output.msg[0m
[ 31%] [34m[1mGenerating EusLisp code from dual_arm_msgs/Tool_IO_State.msg[0m
[ 31%] [34m[1mGenerating C++ code from dual_arm_msgs/Joint_Enable.msg[0m
[ 31%] [34m[1mGenerating Lisp code from dual_arm_msgs/ChangeWorkFrame_State.msg[0m
[ 31%] [34m[1mGenerating EusLisp code from dual_arm_msgs/Plan_State.msg[0m
[ 32%] [34m[1mGenerating Python from MSG dual_arm_msgs/ChangeWorkFrame_State[0m
[ 32%] [34m[1mGenerating Lisp code from dual_arm_msgs/ChangeWorkFrame_Name.msg[0m
[ 32%] [34m[1mGenerating C++ code from dual_arm_msgs/Joint_Max_Speed.msg[0m
[ 32%] [34m[1mGenerating Python from MSG dual_arm_msgs/ChangeWorkFrame_Name[0m
[ 32%] [34m[1mGenerating EusLisp code from dual_arm_msgs/Cabinet.msg[0m
[ 34%] [34m[1mGenerating EusLisp code from dual_arm_msgs/ChangeTool_State.msg[0m
[ 34%] [34m[1mGenerating EusLisp code from dual_arm_msgs/ChangeTool_Name.msg[0m
[ 35%] [34m[1mGenerating C++ code from dual_arm_msgs/IO_Update.msg[0m
[ 35%] [34m[1mGenerating EusLisp code from dual_arm_msgs/ChangeWorkFrame_State.msg[0m
[ 36%] [34m[1mGenerating Lisp code from dual_arm_msgs/CarteFdPose.msg[0m
[ 36%] [34m[1mGenerating Lisp code from dual_arm_msgs/Arm_Current_State.msg[0m
[ 37%] [34m[1mGenerating EusLisp code from dual_arm_msgs/ChangeWorkFrame_Name.msg[0m
[ 37%] [34m[1mGenerating EusLisp code from dual_arm_msgs/CarteFdPose.msg[0m
[ 37%] [34m[1mGenerating C++ code from dual_arm_msgs/Turtle_Driver.msg[0m
[ 37%] [34m[1mGenerating C++ code from dual_arm_msgs/Socket_Command.msg[0m
[ 37%] [34m[1mGenerating EusLisp code from dual_arm_msgs/Arm_Current_State.msg[0m
[ 38%] [34m[1mGenerating EusLisp code from dual_arm_msgs/GetArmState_Command.msg[0m
[ 39%] [34m[1mGenerating C++ code from dual_arm_msgs/Start_Multi_Drag_Teach.msg[0m
[ 39%] [34m[1mGenerating C++ code from dual_arm_msgs/Set_Force_Position.msg[0m
[ 39%] [34m[1mGenerating Python from MSG dual_arm_msgs/CarteFdPose[0m
[ 39%] [34m[1mGenerating EusLisp code from dual_arm_msgs/Stop.msg[0m
[ 40%] [34m[1mGenerating Lisp code from dual_arm_msgs/Stop.msg[0m
[ 40%] [34m[1mGenerating Lisp code from dual_arm_msgs/GetArmState_Command.msg[0m
[ 40%] [34m[1mGenerating EusLisp code from dual_arm_msgs/Joint_Teach.msg[0m
[ 41%] [34m[1mGenerating Python from MSG dual_arm_msgs/Arm_Current_State[0m
[ 41%] [34m[1mGenerating C++ code from dual_arm_msgs/Force_Position_Move_Joint.msg[0m
[ 42%] [34m[1mGenerating C++ code from dual_arm_msgs/Force_Position_Move_Pose.msg[0m
[ 42%] [34m[1mGenerating Lisp code from dual_arm_msgs/Joint_Teach.msg[0m
[ 42%] [34m[1mGenerating Python from MSG dual_arm_msgs/GetArmState_Command[0m
[ 42%] [34m[1mGenerating Lisp code from dual_arm_msgs/Pos_Teach.msg[0m
[ 42%] [34m[1mGenerating Python from MSG dual_arm_msgs/Stop[0m
[ 43%] [34m[1mGenerating Lisp code from dual_arm_msgs/Ort_Teach.msg[0m
[ 44%] [34m[1mGenerating Python from MSG dual_arm_msgs/Joint_Teach[0m
[ 44%] [34m[1mGenerating Python from MSG dual_arm_msgs/Pos_Teach[0m
[ 44%] [34m[1mGenerating Python from MSG dual_arm_msgs/Ort_Teach[0m
[ 44%] [34m[1mGenerating Lisp code from dual_arm_msgs/Stop_Teach.msg[0m
[ 44%] [34m[1mGenerating C++ code from dual_arm_msgs/Force_Position_State.msg[0m
[ 45%] [34m[1mGenerating Python from MSG dual_arm_msgs/Stop_Teach[0m
[ 45%] [34m[1mGenerating Lisp code from dual_arm_msgs/Gripper_Set.msg[0m
[ 46%] [34m[1mGenerating C++ code from dual_arm_msgs/Manual_Set_Force_Pose.msg[0m
[ 45%] [34m[1mGenerating Python from MSG dual_arm_msgs/Gripper_Set[0m
[ 46%] [34m[1mGenerating C++ code from dual_arm_msgs/Six_Force.msg[0m
[ 46%] [34m[1mGenerating C++ code from dual_arm_msgs/CartePos.msg[0m
[ 47%] [34m[1mGenerating EusLisp code from dual_arm_msgs/Pos_Teach.msg[0m
[ 48%] [34m[1mGenerating Lisp code from dual_arm_msgs/Gripper_Pick.msg[0m
[ 48%] [34m[1mGenerating Lisp code from dual_arm_msgs/Joint_Enable.msg[0m
[ 48%] [34m[1mGenerating C++ code from dual_arm_msgs/Lift_Height.msg[0m
[ 48%] [34m[1mGenerating Lisp code from dual_arm_msgs/Joint_Max_Speed.msg[0m
[ 48%] [34m[1mGenerating Python from MSG dual_arm_msgs/Gripper_Pick[0m
[ 49%] [34m[1mGenerating Python from MSG dual_arm_msgs/Joint_Enable[0m
[ 50%] [34m[1mGenerating C++ code from dual_arm_msgs/Lift_Speed.msg[0m
[ 51%] [34m[1mGenerating Lisp code from dual_arm_msgs/IO_Update.msg[0m
[ 51%] [34m[1mGenerating Python from MSG dual_arm_msgs/Joint_Max_Speed[0m
[ 51%] [34m[1mGenerating Lisp code from dual_arm_msgs/Turtle_Driver.msg[0m
[ 51%] [34m[1mGenerating Python from MSG dual_arm_msgs/IO_Update[0m
[ 51%] [34m[1mGenerating C++ code from dual_arm_msgs/Joint_Current.msg[0m
[ 53%] [34m[1mGenerating Python from MSG dual_arm_msgs/Turtle_Driver[0m
[ 51%] [34m[1mGenerating C++ code from dual_arm_msgs/Joint_Step.msg[0m
[ 51%] [34m[1mGenerating Lisp code from dual_arm_msgs/Socket_Command.msg[0m
[ 52%] [34m[1mGenerating Lisp code from dual_arm_msgs/Start_Multi_Drag_Teach.msg[0m
[ 53%] [34m[1mGenerating Lisp code from dual_arm_msgs/Set_Force_Position.msg[0m
[ 54%] [34m[1mGenerating C++ code from dual_arm_msgs/ArmState.msg[0m
[ 54%] [34m[1mGenerating EusLisp code from dual_arm_msgs/Ort_Teach.msg[0m
[ 54%] [34m[1mGenerating C++ code from dual_arm_msgs/Hand_Posture.msg[0m
[ 54%] [34m[1mGenerating Python from MSG dual_arm_msgs/Socket_Command[0m
[ 55%] [34m[1mGenerating Python from MSG dual_arm_msgs/Set_Force_Position[0m
[ 55%] [34m[1mGenerating C++ code from dual_arm_msgs/Hand_Seq.msg[0m
[ 55%] [34m[1mGenerating Lisp code from dual_arm_msgs/Force_Position_Move_Joint.msg[0m
[ 55%] [34m[1mGenerating Python from MSG dual_arm_msgs/Start_Multi_Drag_Teach[0m
[ 55%] [34m[1mGenerating EusLisp code from dual_arm_msgs/Stop_Teach.msg[0m
[ 56%] [34m[1mGenerating C++ code from dual_arm_msgs/Hand_Speed.msg[0m
[ 57%] [34m[1mGenerating Lisp code from dual_arm_msgs/Force_Position_Move_Pose.msg[0m
[ 57%] [34m[1mGenerating Python from MSG dual_arm_msgs/Force_Position_Move_Joint[0m
[ 57%] [34m[1mGenerating Lisp code from dual_arm_msgs/Force_Position_State.msg[0m
[ 57%] [34m[1mGenerating Python from MSG dual_arm_msgs/Force_Position_Move_Pose[0m
[ 58%] [34m[1mGenerating Python from MSG dual_arm_msgs/Force_Position_State[0m
[ 58%] [34m[1mGenerating C++ code from dual_arm_msgs/Hand_Force.msg[0m
[ 58%] [34m[1mGenerating Lisp code from dual_arm_msgs/Six_Force.msg[0m
[ 59%] [34m[1mGenerating C++ code from dual_arm_msgs/LiftState.msg[0m
[ 59%] [34m[1mGenerating C++ code from dual_arm_msgs/Hand_Angle.msg[0m
[ 60%] [34m[1mGenerating EusLisp code from dual_arm_msgs/Gripper_Set.msg[0m
[ 61%] [34m[1mGenerating Lisp code from dual_arm_msgs/Manual_Set_Force_Pose.msg[0m
[ 61%] [34m[1mGenerating Python from MSG dual_arm_msgs/Six_Force[0m
[ 61%] [34m[1mGenerating EusLisp code from dual_arm_msgs/Gripper_Pick.msg[0m
[ 61%] [34m[1mGenerating C++ code from dual_arm_msgs/Servo_GetAngle.msg[0m
[ 61%] [34m[1mGenerating C++ code from dual_arm_msgs/Servo_Move.msg[0m
[ 61%] [34m[1mGenerating Python from MSG dual_arm_msgs/Manual_Set_Force_Pose[0m
[ 62%] [34m[1mGenerating C++ code from dual_arm_msgs/Set_Realtime_Push.msg[0m
[ 63%] [34m[1mGenerating Python from MSG dual_arm_msgs/CartePos[0m
[ 63%] [34m[1mGenerating Python from MSG dual_arm_msgs/Lift_Speed[0m
[ 63%] [34m[1mGenerating Python from MSG dual_arm_msgs/Lift_Height[0m
[ 63%] [34m[1mGenerating Lisp code from dual_arm_msgs/CartePos.msg[0m
[ 63%] [34m[1mGenerating Lisp code from dual_arm_msgs/Lift_Height.msg[0m
[ 64%] [34m[1mGenerating Python from MSG dual_arm_msgs/Joint_Current[0m
[ 64%] [34m[1mGenerating Python from MSG dual_arm_msgs/Joint_Step[0m
[ 65%] [34m[1mGenerating Lisp code from dual_arm_msgs/Lift_Speed.msg[0m
[ 65%] [34m[1mGenerating EusLisp code from dual_arm_msgs/Joint_Enable.msg[0m
[ 65%] [34m[1mGenerating Lisp code from dual_arm_msgs/Joint_Step.msg[0m
[ 65%] [34m[1mGenerating Lisp code from dual_arm_msgs/Joint_Current.msg[0m
[ 67%] [34m[1mGenerating EusLisp code from dual_arm_msgs/Joint_Max_Speed.msg[0m
[ 67%] [34m[1mGenerating Lisp code from dual_arm_msgs/Hand_Posture.msg[0m
[ 68%] [34m[1mGenerating Lisp code from dual_arm_msgs/ArmState.msg[0m
[ 68%] [34m[1mGenerating Lisp code from dual_arm_msgs/Hand_Seq.msg[0m
[ 68%] [34m[1mGenerating EusLisp code from dual_arm_msgs/IO_Update.msg[0m
[ 69%] [34m[1mGenerating Lisp code from dual_arm_msgs/Hand_Speed.msg[0m
[ 69%] [34m[1mGenerating EusLisp code from dual_arm_msgs/Turtle_Driver.msg[0m
[ 70%] [34m[1mGenerating EusLisp code from dual_arm_msgs/Socket_Command.msg[0m
[ 70%] [34m[1mGenerating Lisp code from dual_arm_msgs/Hand_Force.msg[0m
[ 70%] [34m[1mGenerating Python from MSG dual_arm_msgs/ArmState[0m
[ 70%] [34m[1mGenerating EusLisp code from dual_arm_msgs/Start_Multi_Drag_Teach.msg[0m
[ 71%] [34m[1mGenerating Python from MSG dual_arm_msgs/Hand_Posture[0m
[ 71%] [34m[1mGenerating Lisp code from dual_arm_msgs/Hand_Angle.msg[0m
[ 72%] [34m[1mGenerating Lisp code from dual_arm_msgs/LiftState.msg[0m
[ 72%] [34m[1mGenerating Python from MSG dual_arm_msgs/Hand_Seq[0m
[ 78%] Built target dual_arm_msgs_generate_messages_cpp
[ 78%] [34m[1mGenerating EusLisp code from dual_arm_msgs/Set_Force_Position.msg[0m
[ 78%] [34m[1mGenerating Lisp code from dual_arm_msgs/Servo_GetAngle.msg[0m
[ 78%] [34m[1mGenerating Lisp code from dual_arm_msgs/Servo_Move.msg[0m
[ 79%] [34m[1mGenerating Python from MSG dual_arm_msgs/Hand_Speed[0m
[ 79%] [34m[1mGenerating Python from MSG dual_arm_msgs/Hand_Force[0m
[ 80%] [34m[1mGenerating EusLisp code from dual_arm_msgs/Force_Position_Move_Joint.msg[0m
[ 80%] [34m[1mGenerating EusLisp code from dual_arm_msgs/Force_Position_Move_Pose.msg[0m
[ 80%] [34m[1mGenerating Python from MSG dual_arm_msgs/LiftState[0m
[ 81%] [34m[1mGenerating Python from MSG dual_arm_msgs/Hand_Angle[0m
[ 81%] [34m[1mGenerating Python from MSG dual_arm_msgs/Servo_GetAngle[0m
[ 82%] [34m[1mGenerating Lisp code from dual_arm_msgs/Set_Realtime_Push.msg[0m
[ 82%] [34m[1mGenerating EusLisp code from dual_arm_msgs/Force_Position_State.msg[0m
[ 82%] [34m[1mGenerating Python from MSG dual_arm_msgs/Servo_Move[0m
[ 83%] [34m[1mGenerating EusLisp code from dual_arm_msgs/Six_Force.msg[0m
[ 83%] [34m[1mGenerating EusLisp code from dual_arm_msgs/Manual_Set_Force_Pose.msg[0m
[ 83%] [34m[1mGenerating EusLisp code from dual_arm_msgs/CartePos.msg[0m
[ 83%] [34m[1mGenerating Python from MSG dual_arm_msgs/Set_Realtime_Push[0m
[ 84%] [34m[1mGenerating EusLisp code from dual_arm_msgs/Lift_Height.msg[0m
[ 84%] [34m[1mGenerating EusLisp code from dual_arm_msgs/Lift_Speed.msg[0m
[ 84%] [34m[1mGenerating EusLisp code from dual_arm_msgs/Joint_Current.msg[0m
[ 85%] [34m[1mGenerating EusLisp code from dual_arm_msgs/Joint_Step.msg[0m
[ 85%] [34m[1mGenerating EusLisp code from dual_arm_msgs/ArmState.msg[0m
[ 90%] [34m[1mGenerating EusLisp code from dual_arm_msgs/Hand_Posture.msg[0m
[ 90%] Built target dual_arm_msgs_generate_messages_lisp
[ 90%] [34m[1mGenerating EusLisp code from dual_arm_msgs/Hand_Speed.msg[0m
[ 90%] [34m[1mGenerating EusLisp code from dual_arm_msgs/Hand_Force.msg[0m
[ 91%] [34m[1mGenerating EusLisp code from dual_arm_msgs/Hand_Seq.msg[0m
[ 92%] [34m[1mGenerating EusLisp code from dual_arm_msgs/Hand_Angle.msg[0m
[ 92%] [34m[1mGenerating EusLisp code from dual_arm_msgs/LiftState.msg[0m
[ 93%] [34m[1mGenerating EusLisp code from dual_arm_msgs/Servo_Move.msg[0m
[ 93%] [34m[1mGenerating EusLisp code from dual_arm_msgs/Set_Realtime_Push.msg[0m
[ 93%] [34m[1mGenerating EusLisp code from dual_arm_msgs/Servo_GetAngle.msg[0m
[ 93%] [34m[1mGenerating EusLisp manifest code for dual_arm_msgs[0m
[ 94%] [34m[1mGenerating Python msg __init__.py for dual_arm_msgs[0m
[ 97%] Built target dual_arm_msgs_generate_messages_py
[100%] Built target dual_arm_msgs_generate_messages_eus
[35m[1mScanning dependencies of target dual_arm_msgs_generate_messages[0m
[100%] Built target dual_arm_msgs_generate_messages
