Symlinking /home/fang/catkin_wsfrj/devel/lib/pkgconfig/dual_arm_msgs.pc
Symlinking /home/fang/catkin_wsfrj/devel/lib/python3/dist-packages/dual_arm_msgs/__init__.py
Symlinking /home/fang/catkin_wsfrj/devel/lib/python3/dist-packages/dual_arm_msgs/msg/_Stop.py
Symlinking /home/fang/catkin_wsfrj/devel/lib/python3/dist-packages/dual_arm_msgs/msg/_Tool_Digital_Output.py
Symlinking /home/fang/catkin_wsfrj/devel/lib/python3/dist-packages/dual_arm_msgs/msg/_Cabinet.py
Symlinking /home/fang/catkin_wsfrj/devel/lib/python3/dist-packages/dual_arm_msgs/msg/_CartePos.py
Symlinking /home/fang/catkin_wsfrj/devel/lib/python3/dist-packages/dual_arm_msgs/msg/_Lift_Speed.py
Symlinking /home/fang/catkin_wsfrj/devel/lib/python3/dist-packages/dual_arm_msgs/msg/_Arm_Software_Version.py
Symlinking /home/fang/catkin_wsfrj/devel/lib/python3/dist-packages/dual_arm_msgs/msg/__init__.py
Symlinking /home/fang/catkin_wsfrj/devel/lib/python3/dist-packages/dual_arm_msgs/msg/_JointPos.py
Symlinking /home/fang/catkin_wsfrj/devel/lib/python3/dist-packages/dual_arm_msgs/msg/_Plan_State.py
Symlinking /home/fang/catkin_wsfrj/devel/lib/python3/dist-packages/dual_arm_msgs/msg/_CarteFdPose.py
Symlinking /home/fang/catkin_wsfrj/devel/lib/python3/dist-packages/dual_arm_msgs/msg/_MoveJ_P.py
Symlinking /home/fang/catkin_wsfrj/devel/lib/python3/dist-packages/dual_arm_msgs/msg/_MoveJ.py
Symlinking /home/fang/catkin_wsfrj/devel/lib/python3/dist-packages/dual_arm_msgs/msg/_Force_Position_State.py
Symlinking /home/fang/catkin_wsfrj/devel/lib/python3/dist-packages/dual_arm_msgs/msg/_Arm_Analog_Output.py
Symlinking /home/fang/catkin_wsfrj/devel/lib/python3/dist-packages/dual_arm_msgs/msg/_Joint_Max_Speed.py
Symlinking /home/fang/catkin_wsfrj/devel/lib/python3/dist-packages/dual_arm_msgs/msg/_Hand_Posture.py
Symlinking /home/fang/catkin_wsfrj/devel/lib/python3/dist-packages/dual_arm_msgs/msg/_Socket_Command.py
Symlinking /home/fang/catkin_wsfrj/devel/lib/python3/dist-packages/dual_arm_msgs/msg/_Joint_Enable.py
Symlinking /home/fang/catkin_wsfrj/devel/lib/python3/dist-packages/dual_arm_msgs/msg/_ChangeTool_State.py
Symlinking /home/fang/catkin_wsfrj/devel/lib/python3/dist-packages/dual_arm_msgs/msg/_LiftState.py
Symlinking /home/fang/catkin_wsfrj/devel/lib/python3/dist-packages/dual_arm_msgs/msg/_Turtle_Driver.py
Symlinking /home/fang/catkin_wsfrj/devel/lib/python3/dist-packages/dual_arm_msgs/msg/_MoveC.py
Symlinking /home/fang/catkin_wsfrj/devel/lib/python3/dist-packages/dual_arm_msgs/msg/_Gripper_Set.py
Symlinking /home/fang/catkin_wsfrj/devel/lib/python3/dist-packages/dual_arm_msgs/msg/_Force_Position_Move_Joint.py
Symlinking /home/fang/catkin_wsfrj/devel/lib/python3/dist-packages/dual_arm_msgs/msg/_Gripper_Pick.py
Symlinking /home/fang/catkin_wsfrj/devel/lib/python3/dist-packages/dual_arm_msgs/msg/_Stop_Teach.py
Symlinking /home/fang/catkin_wsfrj/devel/lib/python3/dist-packages/dual_arm_msgs/msg/_Tool_IO_State.py
Symlinking /home/fang/catkin_wsfrj/devel/lib/python3/dist-packages/dual_arm_msgs/msg/_Hand_Angle.py
Symlinking /home/fang/catkin_wsfrj/devel/lib/python3/dist-packages/dual_arm_msgs/msg/_Ort_Teach.py
Symlinking /home/fang/catkin_wsfrj/devel/lib/python3/dist-packages/dual_arm_msgs/msg/_Set_Force_Position.py
Symlinking /home/fang/catkin_wsfrj/devel/lib/python3/dist-packages/dual_arm_msgs/msg/_ChangeTool_Name.py
Symlinking /home/fang/catkin_wsfrj/devel/lib/python3/dist-packages/dual_arm_msgs/msg/_Arm_Current_State.py
Symlinking /home/fang/catkin_wsfrj/devel/lib/python3/dist-packages/dual_arm_msgs/msg/_Set_Realtime_Push.py
Symlinking /home/fang/catkin_wsfrj/devel/lib/python3/dist-packages/dual_arm_msgs/msg/_Tool_Analog_Output.py
Symlinking /home/fang/catkin_wsfrj/devel/lib/python3/dist-packages/dual_arm_msgs/msg/_ArmState.py
Symlinking /home/fang/catkin_wsfrj/devel/lib/python3/dist-packages/dual_arm_msgs/msg/_Joint_Step.py
Symlinking /home/fang/catkin_wsfrj/devel/lib/python3/dist-packages/dual_arm_msgs/msg/_Lift_Height.py
Symlinking /home/fang/catkin_wsfrj/devel/lib/python3/dist-packages/dual_arm_msgs/msg/_Pos_Teach.py
Symlinking /home/fang/catkin_wsfrj/devel/lib/python3/dist-packages/dual_arm_msgs/msg/_Arm_Joint_Speed_Max.py
Symlinking /home/fang/catkin_wsfrj/devel/lib/python3/dist-packages/dual_arm_msgs/msg/_MoveL.py
Symlinking /home/fang/catkin_wsfrj/devel/lib/python3/dist-packages/dual_arm_msgs/msg/_Force_Position_Move_Pose.py
Symlinking /home/fang/catkin_wsfrj/devel/lib/python3/dist-packages/dual_arm_msgs/msg/_Hand_Force.py
Symlinking /home/fang/catkin_wsfrj/devel/lib/python3/dist-packages/dual_arm_msgs/msg/_Six_Force.py
Symlinking /home/fang/catkin_wsfrj/devel/lib/python3/dist-packages/dual_arm_msgs/msg/_Hand_Speed.py
Symlinking /home/fang/catkin_wsfrj/devel/lib/python3/dist-packages/dual_arm_msgs/msg/_Joint_Current.py
Symlinking /home/fang/catkin_wsfrj/devel/lib/python3/dist-packages/dual_arm_msgs/msg/_Servo_Move.py
Symlinking /home/fang/catkin_wsfrj/devel/lib/python3/dist-packages/dual_arm_msgs/msg/_ChangeWorkFrame_Name.py
Symlinking /home/fang/catkin_wsfrj/devel/lib/python3/dist-packages/dual_arm_msgs/msg/_Arm_Digital_Output.py
Symlinking /home/fang/catkin_wsfrj/devel/lib/python3/dist-packages/dual_arm_msgs/msg/_Start_Multi_Drag_Teach.py
Symlinking /home/fang/catkin_wsfrj/devel/lib/python3/dist-packages/dual_arm_msgs/msg/_ChangeWorkFrame_State.py
Symlinking /home/fang/catkin_wsfrj/devel/lib/python3/dist-packages/dual_arm_msgs/msg/_Servo_GetAngle.py
Symlinking /home/fang/catkin_wsfrj/devel/lib/python3/dist-packages/dual_arm_msgs/msg/_Joint_Teach.py
Symlinking /home/fang/catkin_wsfrj/devel/lib/python3/dist-packages/dual_arm_msgs/msg/_IO_Update.py
Symlinking /home/fang/catkin_wsfrj/devel/lib/python3/dist-packages/dual_arm_msgs/msg/_Hand_Seq.py
Symlinking /home/fang/catkin_wsfrj/devel/lib/python3/dist-packages/dual_arm_msgs/msg/_Manual_Set_Force_Pose.py
Symlinking /home/fang/catkin_wsfrj/devel/lib/python3/dist-packages/dual_arm_msgs/msg/_GetArmState_Command.py
Symlinking /home/fang/catkin_wsfrj/devel/lib/python3/dist-packages/dual_arm_msgs/msg/_Arm_Pose_Euler.py
Symlinking /home/fang/catkin_wsfrj/devel/lib/python3/dist-packages/dual_arm_msgs/msg/_Arm_IO_State.py
Symlinking /home/fang/catkin_wsfrj/devel/share/dual_arm_msgs/cmake/dual_arm_msgsConfig-version.cmake
Symlinking /home/fang/catkin_wsfrj/devel/share/dual_arm_msgs/cmake/dual_arm_msgs-msg-paths.cmake
Symlinking /home/fang/catkin_wsfrj/devel/share/dual_arm_msgs/cmake/dual_arm_msgs-msg-extras.cmake
Symlinking /home/fang/catkin_wsfrj/devel/share/dual_arm_msgs/cmake/dual_arm_msgsConfig.cmake
Symlinking /home/fang/catkin_wsfrj/devel/share/gennodejs/ros/dual_arm_msgs/_index.js
Symlinking /home/fang/catkin_wsfrj/devel/share/gennodejs/ros/dual_arm_msgs/msg/Hand_Posture.js
Symlinking /home/fang/catkin_wsfrj/devel/share/gennodejs/ros/dual_arm_msgs/msg/Arm_Current_State.js
Symlinking /home/fang/catkin_wsfrj/devel/share/gennodejs/ros/dual_arm_msgs/msg/ChangeTool_State.js
Symlinking /home/fang/catkin_wsfrj/devel/share/gennodejs/ros/dual_arm_msgs/msg/Stop.js
Symlinking /home/fang/catkin_wsfrj/devel/share/gennodejs/ros/dual_arm_msgs/msg/Hand_Angle.js
Symlinking /home/fang/catkin_wsfrj/devel/share/gennodejs/ros/dual_arm_msgs/msg/Tool_Analog_Output.js
Symlinking /home/fang/catkin_wsfrj/devel/share/gennodejs/ros/dual_arm_msgs/msg/Joint_Current.js
Symlinking /home/fang/catkin_wsfrj/devel/share/gennodejs/ros/dual_arm_msgs/msg/Hand_Speed.js
Symlinking /home/fang/catkin_wsfrj/devel/share/gennodejs/ros/dual_arm_msgs/msg/CarteFdPose.js
Symlinking /home/fang/catkin_wsfrj/devel/share/gennodejs/ros/dual_arm_msgs/msg/MoveC.js
Symlinking /home/fang/catkin_wsfrj/devel/share/gennodejs/ros/dual_arm_msgs/msg/MoveJ_P.js
Symlinking /home/fang/catkin_wsfrj/devel/share/gennodejs/ros/dual_arm_msgs/msg/MoveL.js
Symlinking /home/fang/catkin_wsfrj/devel/share/gennodejs/ros/dual_arm_msgs/msg/Tool_IO_State.js
Symlinking /home/fang/catkin_wsfrj/devel/share/gennodejs/ros/dual_arm_msgs/msg/Start_Multi_Drag_Teach.js
Symlinking /home/fang/catkin_wsfrj/devel/share/gennodejs/ros/dual_arm_msgs/msg/GetArmState_Command.js
Symlinking /home/fang/catkin_wsfrj/devel/share/gennodejs/ros/dual_arm_msgs/msg/Gripper_Set.js
Symlinking /home/fang/catkin_wsfrj/devel/share/gennodejs/ros/dual_arm_msgs/msg/ChangeWorkFrame_State.js
Symlinking /home/fang/catkin_wsfrj/devel/share/gennodejs/ros/dual_arm_msgs/msg/Ort_Teach.js
Symlinking /home/fang/catkin_wsfrj/devel/share/gennodejs/ros/dual_arm_msgs/msg/Arm_IO_State.js
Symlinking /home/fang/catkin_wsfrj/devel/share/gennodejs/ros/dual_arm_msgs/msg/Arm_Software_Version.js
Symlinking /home/fang/catkin_wsfrj/devel/share/gennodejs/ros/dual_arm_msgs/msg/JointPos.js
Symlinking /home/fang/catkin_wsfrj/devel/share/gennodejs/ros/dual_arm_msgs/msg/Joint_Max_Speed.js
Symlinking /home/fang/catkin_wsfrj/devel/share/gennodejs/ros/dual_arm_msgs/msg/LiftState.js
Symlinking /home/fang/catkin_wsfrj/devel/share/gennodejs/ros/dual_arm_msgs/msg/Arm_Analog_Output.js
Symlinking /home/fang/catkin_wsfrj/devel/share/gennodejs/ros/dual_arm_msgs/msg/Lift_Height.js
Symlinking /home/fang/catkin_wsfrj/devel/share/gennodejs/ros/dual_arm_msgs/msg/Set_Realtime_Push.js
Symlinking /home/fang/catkin_wsfrj/devel/share/gennodejs/ros/dual_arm_msgs/msg/Socket_Command.js
Symlinking /home/fang/catkin_wsfrj/devel/share/gennodejs/ros/dual_arm_msgs/msg/Manual_Set_Force_Pose.js
Symlinking /home/fang/catkin_wsfrj/devel/share/gennodejs/ros/dual_arm_msgs/msg/Joint_Step.js
Symlinking /home/fang/catkin_wsfrj/devel/share/gennodejs/ros/dual_arm_msgs/msg/Tool_Digital_Output.js
Symlinking /home/fang/catkin_wsfrj/devel/share/gennodejs/ros/dual_arm_msgs/msg/ChangeWorkFrame_Name.js
Symlinking /home/fang/catkin_wsfrj/devel/share/gennodejs/ros/dual_arm_msgs/msg/Force_Position_Move_Pose.js
Symlinking /home/fang/catkin_wsfrj/devel/share/gennodejs/ros/dual_arm_msgs/msg/Arm_Digital_Output.js
Symlinking /home/fang/catkin_wsfrj/devel/share/gennodejs/ros/dual_arm_msgs/msg/Cabinet.js
Symlinking /home/fang/catkin_wsfrj/devel/share/gennodejs/ros/dual_arm_msgs/msg/_index.js
Symlinking /home/fang/catkin_wsfrj/devel/share/gennodejs/ros/dual_arm_msgs/msg/Servo_Move.js
Symlinking /home/fang/catkin_wsfrj/devel/share/gennodejs/ros/dual_arm_msgs/msg/IO_Update.js
Symlinking /home/fang/catkin_wsfrj/devel/share/gennodejs/ros/dual_arm_msgs/msg/Six_Force.js
Symlinking /home/fang/catkin_wsfrj/devel/share/gennodejs/ros/dual_arm_msgs/msg/Gripper_Pick.js
Symlinking /home/fang/catkin_wsfrj/devel/share/gennodejs/ros/dual_arm_msgs/msg/Hand_Seq.js
Symlinking /home/fang/catkin_wsfrj/devel/share/gennodejs/ros/dual_arm_msgs/msg/Hand_Force.js
Symlinking /home/fang/catkin_wsfrj/devel/share/gennodejs/ros/dual_arm_msgs/msg/ChangeTool_Name.js
Symlinking /home/fang/catkin_wsfrj/devel/share/gennodejs/ros/dual_arm_msgs/msg/MoveJ.js
Symlinking /home/fang/catkin_wsfrj/devel/share/gennodejs/ros/dual_arm_msgs/msg/Arm_Pose_Euler.js
Symlinking /home/fang/catkin_wsfrj/devel/share/gennodejs/ros/dual_arm_msgs/msg/Plan_State.js
Symlinking /home/fang/catkin_wsfrj/devel/share/gennodejs/ros/dual_arm_msgs/msg/Force_Position_State.js
Symlinking /home/fang/catkin_wsfrj/devel/share/gennodejs/ros/dual_arm_msgs/msg/CartePos.js
Symlinking /home/fang/catkin_wsfrj/devel/share/gennodejs/ros/dual_arm_msgs/msg/Servo_GetAngle.js
Symlinking /home/fang/catkin_wsfrj/devel/share/gennodejs/ros/dual_arm_msgs/msg/ArmState.js
Symlinking /home/fang/catkin_wsfrj/devel/share/gennodejs/ros/dual_arm_msgs/msg/Turtle_Driver.js
Symlinking /home/fang/catkin_wsfrj/devel/share/gennodejs/ros/dual_arm_msgs/msg/Joint_Enable.js
Symlinking /home/fang/catkin_wsfrj/devel/share/gennodejs/ros/dual_arm_msgs/msg/Arm_Joint_Speed_Max.js
Symlinking /home/fang/catkin_wsfrj/devel/share/gennodejs/ros/dual_arm_msgs/msg/Joint_Teach.js
Symlinking /home/fang/catkin_wsfrj/devel/share/gennodejs/ros/dual_arm_msgs/msg/Stop_Teach.js
Symlinking /home/fang/catkin_wsfrj/devel/share/gennodejs/ros/dual_arm_msgs/msg/Set_Force_Position.js
Symlinking /home/fang/catkin_wsfrj/devel/share/gennodejs/ros/dual_arm_msgs/msg/Lift_Speed.js
Symlinking /home/fang/catkin_wsfrj/devel/share/gennodejs/ros/dual_arm_msgs/msg/Pos_Teach.js
Symlinking /home/fang/catkin_wsfrj/devel/share/gennodejs/ros/dual_arm_msgs/msg/Force_Position_Move_Joint.js
Symlinking /home/fang/catkin_wsfrj/devel/share/roseus/ros/dual_arm_msgs/manifest.l
Symlinking /home/fang/catkin_wsfrj/devel/share/roseus/ros/dual_arm_msgs/msg/ArmState.l
Symlinking /home/fang/catkin_wsfrj/devel/share/roseus/ros/dual_arm_msgs/msg/GetArmState_Command.l
Symlinking /home/fang/catkin_wsfrj/devel/share/roseus/ros/dual_arm_msgs/msg/Tool_IO_State.l
Symlinking /home/fang/catkin_wsfrj/devel/share/roseus/ros/dual_arm_msgs/msg/ChangeWorkFrame_State.l
Symlinking /home/fang/catkin_wsfrj/devel/share/roseus/ros/dual_arm_msgs/msg/Hand_Seq.l
Symlinking /home/fang/catkin_wsfrj/devel/share/roseus/ros/dual_arm_msgs/msg/Force_Position_Move_Pose.l
Symlinking /home/fang/catkin_wsfrj/devel/share/roseus/ros/dual_arm_msgs/msg/Joint_Teach.l
Symlinking /home/fang/catkin_wsfrj/devel/share/roseus/ros/dual_arm_msgs/msg/CartePos.l
Symlinking /home/fang/catkin_wsfrj/devel/share/roseus/ros/dual_arm_msgs/msg/Tool_Analog_Output.l
Symlinking /home/fang/catkin_wsfrj/devel/share/roseus/ros/dual_arm_msgs/msg/Hand_Posture.l
Symlinking /home/fang/catkin_wsfrj/devel/share/roseus/ros/dual_arm_msgs/msg/Joint_Step.l
Symlinking /home/fang/catkin_wsfrj/devel/share/roseus/ros/dual_arm_msgs/msg/MoveJ.l
Symlinking /home/fang/catkin_wsfrj/devel/share/roseus/ros/dual_arm_msgs/msg/Stop_Teach.l
Symlinking /home/fang/catkin_wsfrj/devel/share/roseus/ros/dual_arm_msgs/msg/ChangeTool_State.l
Symlinking /home/fang/catkin_wsfrj/devel/share/roseus/ros/dual_arm_msgs/msg/ChangeWorkFrame_Name.l
Symlinking /home/fang/catkin_wsfrj/devel/share/roseus/ros/dual_arm_msgs/msg/Joint_Enable.l
Symlinking /home/fang/catkin_wsfrj/devel/share/roseus/ros/dual_arm_msgs/msg/Plan_State.l
Symlinking /home/fang/catkin_wsfrj/devel/share/roseus/ros/dual_arm_msgs/msg/Arm_IO_State.l
Symlinking /home/fang/catkin_wsfrj/devel/share/roseus/ros/dual_arm_msgs/msg/Gripper_Pick.l
Symlinking /home/fang/catkin_wsfrj/devel/share/roseus/ros/dual_arm_msgs/msg/Joint_Current.l
Symlinking /home/fang/catkin_wsfrj/devel/share/roseus/ros/dual_arm_msgs/msg/Force_Position_Move_Joint.l
Symlinking /home/fang/catkin_wsfrj/devel/share/roseus/ros/dual_arm_msgs/msg/Six_Force.l
Symlinking /home/fang/catkin_wsfrj/devel/share/roseus/ros/dual_arm_msgs/msg/Arm_Pose_Euler.l
Symlinking /home/fang/catkin_wsfrj/devel/share/roseus/ros/dual_arm_msgs/msg/Start_Multi_Drag_Teach.l
Symlinking /home/fang/catkin_wsfrj/devel/share/roseus/ros/dual_arm_msgs/msg/Stop.l
Symlinking /home/fang/catkin_wsfrj/devel/share/roseus/ros/dual_arm_msgs/msg/Force_Position_State.l
Symlinking /home/fang/catkin_wsfrj/devel/share/roseus/ros/dual_arm_msgs/msg/Manual_Set_Force_Pose.l
Symlinking /home/fang/catkin_wsfrj/devel/share/roseus/ros/dual_arm_msgs/msg/IO_Update.l
Symlinking /home/fang/catkin_wsfrj/devel/share/roseus/ros/dual_arm_msgs/msg/Arm_Digital_Output.l
Symlinking /home/fang/catkin_wsfrj/devel/share/roseus/ros/dual_arm_msgs/msg/JointPos.l
Symlinking /home/fang/catkin_wsfrj/devel/share/roseus/ros/dual_arm_msgs/msg/Hand_Speed.l
Symlinking /home/fang/catkin_wsfrj/devel/share/roseus/ros/dual_arm_msgs/msg/Pos_Teach.l
Symlinking /home/fang/catkin_wsfrj/devel/share/roseus/ros/dual_arm_msgs/msg/Turtle_Driver.l
Symlinking /home/fang/catkin_wsfrj/devel/share/roseus/ros/dual_arm_msgs/msg/Socket_Command.l
Symlinking /home/fang/catkin_wsfrj/devel/share/roseus/ros/dual_arm_msgs/msg/Arm_Current_State.l
Symlinking /home/fang/catkin_wsfrj/devel/share/roseus/ros/dual_arm_msgs/msg/MoveJ_P.l
Symlinking /home/fang/catkin_wsfrj/devel/share/roseus/ros/dual_arm_msgs/msg/MoveC.l
Symlinking /home/fang/catkin_wsfrj/devel/share/roseus/ros/dual_arm_msgs/msg/Gripper_Set.l
Symlinking /home/fang/catkin_wsfrj/devel/share/roseus/ros/dual_arm_msgs/msg/Set_Force_Position.l
Symlinking /home/fang/catkin_wsfrj/devel/share/roseus/ros/dual_arm_msgs/msg/Lift_Speed.l
Symlinking /home/fang/catkin_wsfrj/devel/share/roseus/ros/dual_arm_msgs/msg/Hand_Angle.l
Symlinking /home/fang/catkin_wsfrj/devel/share/roseus/ros/dual_arm_msgs/msg/ChangeTool_Name.l
Symlinking /home/fang/catkin_wsfrj/devel/share/roseus/ros/dual_arm_msgs/msg/Set_Realtime_Push.l
Symlinking /home/fang/catkin_wsfrj/devel/share/roseus/ros/dual_arm_msgs/msg/LiftState.l
Symlinking /home/fang/catkin_wsfrj/devel/share/roseus/ros/dual_arm_msgs/msg/Arm_Analog_Output.l
Symlinking /home/fang/catkin_wsfrj/devel/share/roseus/ros/dual_arm_msgs/msg/Arm_Software_Version.l
Symlinking /home/fang/catkin_wsfrj/devel/share/roseus/ros/dual_arm_msgs/msg/MoveL.l
Symlinking /home/fang/catkin_wsfrj/devel/share/roseus/ros/dual_arm_msgs/msg/Servo_Move.l
Symlinking /home/fang/catkin_wsfrj/devel/share/roseus/ros/dual_arm_msgs/msg/Hand_Force.l
Symlinking /home/fang/catkin_wsfrj/devel/share/roseus/ros/dual_arm_msgs/msg/Cabinet.l
Symlinking /home/fang/catkin_wsfrj/devel/share/roseus/ros/dual_arm_msgs/msg/Ort_Teach.l
Symlinking /home/fang/catkin_wsfrj/devel/share/roseus/ros/dual_arm_msgs/msg/Tool_Digital_Output.l
Symlinking /home/fang/catkin_wsfrj/devel/share/roseus/ros/dual_arm_msgs/msg/Lift_Height.l
Symlinking /home/fang/catkin_wsfrj/devel/share/roseus/ros/dual_arm_msgs/msg/CarteFdPose.l
Symlinking /home/fang/catkin_wsfrj/devel/share/roseus/ros/dual_arm_msgs/msg/Servo_GetAngle.l
Symlinking /home/fang/catkin_wsfrj/devel/share/roseus/ros/dual_arm_msgs/msg/Joint_Max_Speed.l
Symlinking /home/fang/catkin_wsfrj/devel/share/roseus/ros/dual_arm_msgs/msg/Arm_Joint_Speed_Max.l
Symlinking /home/fang/catkin_wsfrj/devel/share/common-lisp/ros/dual_arm_msgs/msg/_package_Turtle_Driver.lisp
Symlinking /home/fang/catkin_wsfrj/devel/share/common-lisp/ros/dual_arm_msgs/msg/Tool_IO_State.lisp
Symlinking /home/fang/catkin_wsfrj/devel/share/common-lisp/ros/dual_arm_msgs/msg/Joint_Current.lisp
Symlinking /home/fang/catkin_wsfrj/devel/share/common-lisp/ros/dual_arm_msgs/msg/IO_Update.lisp
Symlinking /home/fang/catkin_wsfrj/devel/share/common-lisp/ros/dual_arm_msgs/msg/Hand_Angle.lisp
Symlinking /home/fang/catkin_wsfrj/devel/share/common-lisp/ros/dual_arm_msgs/msg/Arm_Pose_Euler.lisp
Symlinking /home/fang/catkin_wsfrj/devel/share/common-lisp/ros/dual_arm_msgs/msg/_package_ChangeTool_Name.lisp
Symlinking /home/fang/catkin_wsfrj/devel/share/common-lisp/ros/dual_arm_msgs/msg/_package_MoveJ_P.lisp
Symlinking /home/fang/catkin_wsfrj/devel/share/common-lisp/ros/dual_arm_msgs/msg/Hand_Speed.lisp
Symlinking /home/fang/catkin_wsfrj/devel/share/common-lisp/ros/dual_arm_msgs/msg/Force_Position_State.lisp
Symlinking /home/fang/catkin_wsfrj/devel/share/common-lisp/ros/dual_arm_msgs/msg/_package_LiftState.lisp
Symlinking /home/fang/catkin_wsfrj/devel/share/common-lisp/ros/dual_arm_msgs/msg/Arm_Analog_Output.lisp
Symlinking /home/fang/catkin_wsfrj/devel/share/common-lisp/ros/dual_arm_msgs/msg/_package_IO_Update.lisp
Symlinking /home/fang/catkin_wsfrj/devel/share/common-lisp/ros/dual_arm_msgs/msg/Arm_Software_Version.lisp
Symlinking /home/fang/catkin_wsfrj/devel/share/common-lisp/ros/dual_arm_msgs/msg/Force_Position_Move_Joint.lisp
Symlinking /home/fang/catkin_wsfrj/devel/share/common-lisp/ros/dual_arm_msgs/msg/_package_JointPos.lisp
Symlinking /home/fang/catkin_wsfrj/devel/share/common-lisp/ros/dual_arm_msgs/msg/_package_GetArmState_Command.lisp
Symlinking /home/fang/catkin_wsfrj/devel/share/common-lisp/ros/dual_arm_msgs/msg/_package.lisp
Symlinking /home/fang/catkin_wsfrj/devel/share/common-lisp/ros/dual_arm_msgs/msg/_package_MoveJ.lisp
Symlinking /home/fang/catkin_wsfrj/devel/share/common-lisp/ros/dual_arm_msgs/msg/ChangeWorkFrame_State.lisp
Symlinking /home/fang/catkin_wsfrj/devel/share/common-lisp/ros/dual_arm_msgs/msg/Joint_Enable.lisp
Symlinking /home/fang/catkin_wsfrj/devel/share/common-lisp/ros/dual_arm_msgs/msg/_package_Force_Position_State.lisp
Symlinking /home/fang/catkin_wsfrj/devel/share/common-lisp/ros/dual_arm_msgs/msg/Joint_Max_Speed.lisp
Symlinking /home/fang/catkin_wsfrj/devel/share/common-lisp/ros/dual_arm_msgs/msg/_package_Lift_Height.lisp
Symlinking /home/fang/catkin_wsfrj/devel/share/common-lisp/ros/dual_arm_msgs/msg/_package_Arm_Joint_Speed_Max.lisp
Symlinking /home/fang/catkin_wsfrj/devel/share/common-lisp/ros/dual_arm_msgs/msg/_package_CarteFdPose.lisp
Symlinking /home/fang/catkin_wsfrj/devel/share/common-lisp/ros/dual_arm_msgs/msg/MoveL.lisp
Symlinking /home/fang/catkin_wsfrj/devel/share/common-lisp/ros/dual_arm_msgs/msg/Force_Position_Move_Pose.lisp
Symlinking /home/fang/catkin_wsfrj/devel/share/common-lisp/ros/dual_arm_msgs/msg/Ort_Teach.lisp
Symlinking /home/fang/catkin_wsfrj/devel/share/common-lisp/ros/dual_arm_msgs/msg/Stop_Teach.lisp
Symlinking /home/fang/catkin_wsfrj/devel/share/common-lisp/ros/dual_arm_msgs/msg/_package_Hand_Angle.lisp
Symlinking /home/fang/catkin_wsfrj/devel/share/common-lisp/ros/dual_arm_msgs/msg/_package_MoveL.lisp
Symlinking /home/fang/catkin_wsfrj/devel/share/common-lisp/ros/dual_arm_msgs/msg/_package_Hand_Force.lisp
Symlinking /home/fang/catkin_wsfrj/devel/share/common-lisp/ros/dual_arm_msgs/msg/JointPos.lisp
Symlinking /home/fang/catkin_wsfrj/devel/share/common-lisp/ros/dual_arm_msgs/msg/_package_Joint_Step.lisp
Symlinking /home/fang/catkin_wsfrj/devel/share/common-lisp/ros/dual_arm_msgs/msg/Set_Realtime_Push.lisp
Symlinking /home/fang/catkin_wsfrj/devel/share/common-lisp/ros/dual_arm_msgs/msg/_package_Gripper_Pick.lisp
Symlinking /home/fang/catkin_wsfrj/devel/share/common-lisp/ros/dual_arm_msgs/msg/_package_Stop_Teach.lisp
Symlinking /home/fang/catkin_wsfrj/devel/share/common-lisp/ros/dual_arm_msgs/msg/Socket_Command.lisp
Symlinking /home/fang/catkin_wsfrj/devel/share/common-lisp/ros/dual_arm_msgs/msg/_package_Gripper_Set.lisp
Symlinking /home/fang/catkin_wsfrj/devel/share/common-lisp/ros/dual_arm_msgs/msg/Lift_Height.lisp
Symlinking /home/fang/catkin_wsfrj/devel/share/common-lisp/ros/dual_arm_msgs/msg/Hand_Seq.lisp
Symlinking /home/fang/catkin_wsfrj/devel/share/common-lisp/ros/dual_arm_msgs/msg/dual_arm_msgs-msg.asd
Symlinking /home/fang/catkin_wsfrj/devel/share/common-lisp/ros/dual_arm_msgs/msg/_package_ChangeTool_State.lisp
Symlinking /home/fang/catkin_wsfrj/devel/share/common-lisp/ros/dual_arm_msgs/msg/_package_Set_Force_Position.lisp
Symlinking /home/fang/catkin_wsfrj/devel/share/common-lisp/ros/dual_arm_msgs/msg/_package_Tool_Analog_Output.lisp
Symlinking /home/fang/catkin_wsfrj/devel/share/common-lisp/ros/dual_arm_msgs/msg/_package_Hand_Seq.lisp
Symlinking /home/fang/catkin_wsfrj/devel/share/common-lisp/ros/dual_arm_msgs/msg/Arm_Digital_Output.lisp
Symlinking /home/fang/catkin_wsfrj/devel/share/common-lisp/ros/dual_arm_msgs/msg/Lift_Speed.lisp
Symlinking /home/fang/catkin_wsfrj/devel/share/common-lisp/ros/dual_arm_msgs/msg/Tool_Analog_Output.lisp
Symlinking /home/fang/catkin_wsfrj/devel/share/common-lisp/ros/dual_arm_msgs/msg/Six_Force.lisp
Symlinking /home/fang/catkin_wsfrj/devel/share/common-lisp/ros/dual_arm_msgs/msg/_package_Start_Multi_Drag_Teach.lisp
Symlinking /home/fang/catkin_wsfrj/devel/share/common-lisp/ros/dual_arm_msgs/msg/ChangeTool_Name.lisp
Symlinking /home/fang/catkin_wsfrj/devel/share/common-lisp/ros/dual_arm_msgs/msg/_package_Ort_Teach.lisp
Symlinking /home/fang/catkin_wsfrj/devel/share/common-lisp/ros/dual_arm_msgs/msg/_package_Joint_Teach.lisp
Symlinking /home/fang/catkin_wsfrj/devel/share/common-lisp/ros/dual_arm_msgs/msg/_package_Joint_Max_Speed.lisp
Symlinking /home/fang/catkin_wsfrj/devel/share/common-lisp/ros/dual_arm_msgs/msg/_package_Servo_GetAngle.lisp
Symlinking /home/fang/catkin_wsfrj/devel/share/common-lisp/ros/dual_arm_msgs/msg/Stop.lisp
Symlinking /home/fang/catkin_wsfrj/devel/share/common-lisp/ros/dual_arm_msgs/msg/_package_Force_Position_Move_Joint.lisp
Symlinking /home/fang/catkin_wsfrj/devel/share/common-lisp/ros/dual_arm_msgs/msg/Servo_GetAngle.lisp
Symlinking /home/fang/catkin_wsfrj/devel/share/common-lisp/ros/dual_arm_msgs/msg/CarteFdPose.lisp
Symlinking /home/fang/catkin_wsfrj/devel/share/common-lisp/ros/dual_arm_msgs/msg/_package_ArmState.lisp
Symlinking /home/fang/catkin_wsfrj/devel/share/common-lisp/ros/dual_arm_msgs/msg/_package_Six_Force.lisp
Symlinking /home/fang/catkin_wsfrj/devel/share/common-lisp/ros/dual_arm_msgs/msg/GetArmState_Command.lisp
Symlinking /home/fang/catkin_wsfrj/devel/share/common-lisp/ros/dual_arm_msgs/msg/Gripper_Set.lisp
Symlinking /home/fang/catkin_wsfrj/devel/share/common-lisp/ros/dual_arm_msgs/msg/ChangeTool_State.lisp
Symlinking /home/fang/catkin_wsfrj/devel/share/common-lisp/ros/dual_arm_msgs/msg/Manual_Set_Force_Pose.lisp
Symlinking /home/fang/catkin_wsfrj/devel/share/common-lisp/ros/dual_arm_msgs/msg/_package_CartePos.lisp
Symlinking /home/fang/catkin_wsfrj/devel/share/common-lisp/ros/dual_arm_msgs/msg/Joint_Step.lisp
Symlinking /home/fang/catkin_wsfrj/devel/share/common-lisp/ros/dual_arm_msgs/msg/_package_Arm_Analog_Output.lisp
Symlinking /home/fang/catkin_wsfrj/devel/share/common-lisp/ros/dual_arm_msgs/msg/_package_Joint_Enable.lisp
Symlinking /home/fang/catkin_wsfrj/devel/share/common-lisp/ros/dual_arm_msgs/msg/Pos_Teach.lisp
Symlinking /home/fang/catkin_wsfrj/devel/share/common-lisp/ros/dual_arm_msgs/msg/_package_Set_Realtime_Push.lisp
Symlinking /home/fang/catkin_wsfrj/devel/share/common-lisp/ros/dual_arm_msgs/msg/ArmState.lisp
Symlinking /home/fang/catkin_wsfrj/devel/share/common-lisp/ros/dual_arm_msgs/msg/Turtle_Driver.lisp
Symlinking /home/fang/catkin_wsfrj/devel/share/common-lisp/ros/dual_arm_msgs/msg/_package_Tool_Digital_Output.lisp
Symlinking /home/fang/catkin_wsfrj/devel/share/common-lisp/ros/dual_arm_msgs/msg/CartePos.lisp
Symlinking /home/fang/catkin_wsfrj/devel/share/common-lisp/ros/dual_arm_msgs/msg/Cabinet.lisp
Symlinking /home/fang/catkin_wsfrj/devel/share/common-lisp/ros/dual_arm_msgs/msg/Arm_Current_State.lisp
Symlinking /home/fang/catkin_wsfrj/devel/share/common-lisp/ros/dual_arm_msgs/msg/_package_Stop.lisp
Symlinking /home/fang/catkin_wsfrj/devel/share/common-lisp/ros/dual_arm_msgs/msg/_package_ChangeWorkFrame_State.lisp
Symlinking /home/fang/catkin_wsfrj/devel/share/common-lisp/ros/dual_arm_msgs/msg/Start_Multi_Drag_Teach.lisp
Symlinking /home/fang/catkin_wsfrj/devel/share/common-lisp/ros/dual_arm_msgs/msg/_package_Manual_Set_Force_Pose.lisp
Symlinking /home/fang/catkin_wsfrj/devel/share/common-lisp/ros/dual_arm_msgs/msg/_package_Servo_Move.lisp
Symlinking /home/fang/catkin_wsfrj/devel/share/common-lisp/ros/dual_arm_msgs/msg/Hand_Posture.lisp
Symlinking /home/fang/catkin_wsfrj/devel/share/common-lisp/ros/dual_arm_msgs/msg/Plan_State.lisp
Symlinking /home/fang/catkin_wsfrj/devel/share/common-lisp/ros/dual_arm_msgs/msg/Joint_Teach.lisp
Symlinking /home/fang/catkin_wsfrj/devel/share/common-lisp/ros/dual_arm_msgs/msg/_package_Lift_Speed.lisp
Symlinking /home/fang/catkin_wsfrj/devel/share/common-lisp/ros/dual_arm_msgs/msg/_package_Arm_Pose_Euler.lisp
Symlinking /home/fang/catkin_wsfrj/devel/share/common-lisp/ros/dual_arm_msgs/msg/_package_Force_Position_Move_Pose.lisp
Symlinking /home/fang/catkin_wsfrj/devel/share/common-lisp/ros/dual_arm_msgs/msg/MoveJ_P.lisp
Symlinking /home/fang/catkin_wsfrj/devel/share/common-lisp/ros/dual_arm_msgs/msg/_package_Pos_Teach.lisp
Symlinking /home/fang/catkin_wsfrj/devel/share/common-lisp/ros/dual_arm_msgs/msg/_package_Arm_Digital_Output.lisp
Symlinking /home/fang/catkin_wsfrj/devel/share/common-lisp/ros/dual_arm_msgs/msg/Tool_Digital_Output.lisp
Symlinking /home/fang/catkin_wsfrj/devel/share/common-lisp/ros/dual_arm_msgs/msg/_package_Tool_IO_State.lisp
Symlinking /home/fang/catkin_wsfrj/devel/share/common-lisp/ros/dual_arm_msgs/msg/_package_ChangeWorkFrame_Name.lisp
Symlinking /home/fang/catkin_wsfrj/devel/share/common-lisp/ros/dual_arm_msgs/msg/_package_Arm_Software_Version.lisp
Symlinking /home/fang/catkin_wsfrj/devel/share/common-lisp/ros/dual_arm_msgs/msg/Arm_IO_State.lisp
Symlinking /home/fang/catkin_wsfrj/devel/share/common-lisp/ros/dual_arm_msgs/msg/_package_Hand_Posture.lisp
Symlinking /home/fang/catkin_wsfrj/devel/share/common-lisp/ros/dual_arm_msgs/msg/_package_Cabinet.lisp
Symlinking /home/fang/catkin_wsfrj/devel/share/common-lisp/ros/dual_arm_msgs/msg/_package_Plan_State.lisp
Symlinking /home/fang/catkin_wsfrj/devel/share/common-lisp/ros/dual_arm_msgs/msg/Arm_Joint_Speed_Max.lisp
Symlinking /home/fang/catkin_wsfrj/devel/share/common-lisp/ros/dual_arm_msgs/msg/Servo_Move.lisp
Symlinking /home/fang/catkin_wsfrj/devel/share/common-lisp/ros/dual_arm_msgs/msg/Set_Force_Position.lisp
Symlinking /home/fang/catkin_wsfrj/devel/share/common-lisp/ros/dual_arm_msgs/msg/MoveC.lisp
Symlinking /home/fang/catkin_wsfrj/devel/share/common-lisp/ros/dual_arm_msgs/msg/_package_Socket_Command.lisp
Symlinking /home/fang/catkin_wsfrj/devel/share/common-lisp/ros/dual_arm_msgs/msg/_package_Hand_Speed.lisp
Symlinking /home/fang/catkin_wsfrj/devel/share/common-lisp/ros/dual_arm_msgs/msg/_package_Arm_Current_State.lisp
Symlinking /home/fang/catkin_wsfrj/devel/share/common-lisp/ros/dual_arm_msgs/msg/ChangeWorkFrame_Name.lisp
Symlinking /home/fang/catkin_wsfrj/devel/share/common-lisp/ros/dual_arm_msgs/msg/MoveJ.lisp
Symlinking /home/fang/catkin_wsfrj/devel/share/common-lisp/ros/dual_arm_msgs/msg/LiftState.lisp
Symlinking /home/fang/catkin_wsfrj/devel/share/common-lisp/ros/dual_arm_msgs/msg/_package_MoveC.lisp
Symlinking /home/fang/catkin_wsfrj/devel/share/common-lisp/ros/dual_arm_msgs/msg/_package_Arm_IO_State.lisp
Symlinking /home/fang/catkin_wsfrj/devel/share/common-lisp/ros/dual_arm_msgs/msg/Gripper_Pick.lisp
Symlinking /home/fang/catkin_wsfrj/devel/share/common-lisp/ros/dual_arm_msgs/msg/_package_Joint_Current.lisp
Symlinking /home/fang/catkin_wsfrj/devel/share/common-lisp/ros/dual_arm_msgs/msg/Hand_Force.lisp
Symlinking /home/fang/catkin_wsfrj/devel/include/dual_arm_msgs/Joint_Max_Speed.h
Symlinking /home/fang/catkin_wsfrj/devel/include/dual_arm_msgs/MoveL.h
Symlinking /home/fang/catkin_wsfrj/devel/include/dual_arm_msgs/Joint_Enable.h
Symlinking /home/fang/catkin_wsfrj/devel/include/dual_arm_msgs/MoveC.h
Symlinking /home/fang/catkin_wsfrj/devel/include/dual_arm_msgs/Arm_Analog_Output.h
Symlinking /home/fang/catkin_wsfrj/devel/include/dual_arm_msgs/GetArmState_Command.h
Symlinking /home/fang/catkin_wsfrj/devel/include/dual_arm_msgs/ChangeWorkFrame_Name.h
Symlinking /home/fang/catkin_wsfrj/devel/include/dual_arm_msgs/Hand_Seq.h
Symlinking /home/fang/catkin_wsfrj/devel/include/dual_arm_msgs/ChangeTool_Name.h
Symlinking /home/fang/catkin_wsfrj/devel/include/dual_arm_msgs/IO_Update.h
Symlinking /home/fang/catkin_wsfrj/devel/include/dual_arm_msgs/Force_Position_State.h
Symlinking /home/fang/catkin_wsfrj/devel/include/dual_arm_msgs/Set_Force_Position.h
Symlinking /home/fang/catkin_wsfrj/devel/include/dual_arm_msgs/Turtle_Driver.h
Symlinking /home/fang/catkin_wsfrj/devel/include/dual_arm_msgs/Arm_Current_State.h
Symlinking /home/fang/catkin_wsfrj/devel/include/dual_arm_msgs/Servo_Move.h
Symlinking /home/fang/catkin_wsfrj/devel/include/dual_arm_msgs/MoveJ.h
Symlinking /home/fang/catkin_wsfrj/devel/include/dual_arm_msgs/Hand_Angle.h
Symlinking /home/fang/catkin_wsfrj/devel/include/dual_arm_msgs/Arm_Joint_Speed_Max.h
Symlinking /home/fang/catkin_wsfrj/devel/include/dual_arm_msgs/Gripper_Pick.h
Symlinking /home/fang/catkin_wsfrj/devel/include/dual_arm_msgs/Tool_Digital_Output.h
Symlinking /home/fang/catkin_wsfrj/devel/include/dual_arm_msgs/Servo_GetAngle.h
Symlinking /home/fang/catkin_wsfrj/devel/include/dual_arm_msgs/Six_Force.h
Symlinking /home/fang/catkin_wsfrj/devel/include/dual_arm_msgs/Joint_Current.h
Symlinking /home/fang/catkin_wsfrj/devel/include/dual_arm_msgs/Gripper_Set.h
Symlinking /home/fang/catkin_wsfrj/devel/include/dual_arm_msgs/Arm_Pose_Euler.h
Symlinking /home/fang/catkin_wsfrj/devel/include/dual_arm_msgs/Arm_Digital_Output.h
Symlinking /home/fang/catkin_wsfrj/devel/include/dual_arm_msgs/Hand_Speed.h
Symlinking /home/fang/catkin_wsfrj/devel/include/dual_arm_msgs/JointPos.h
Symlinking /home/fang/catkin_wsfrj/devel/include/dual_arm_msgs/Hand_Posture.h
Symlinking /home/fang/catkin_wsfrj/devel/include/dual_arm_msgs/CarteFdPose.h
Symlinking /home/fang/catkin_wsfrj/devel/include/dual_arm_msgs/Arm_IO_State.h
Symlinking /home/fang/catkin_wsfrj/devel/include/dual_arm_msgs/Plan_State.h
Symlinking /home/fang/catkin_wsfrj/devel/include/dual_arm_msgs/Force_Position_Move_Joint.h
Symlinking /home/fang/catkin_wsfrj/devel/include/dual_arm_msgs/Arm_Software_Version.h
Symlinking /home/fang/catkin_wsfrj/devel/include/dual_arm_msgs/CartePos.h
Symlinking /home/fang/catkin_wsfrj/devel/include/dual_arm_msgs/Stop_Teach.h
Symlinking /home/fang/catkin_wsfrj/devel/include/dual_arm_msgs/Force_Position_Move_Pose.h
Symlinking /home/fang/catkin_wsfrj/devel/include/dual_arm_msgs/Pos_Teach.h
Symlinking /home/fang/catkin_wsfrj/devel/include/dual_arm_msgs/Set_Realtime_Push.h
Symlinking /home/fang/catkin_wsfrj/devel/include/dual_arm_msgs/Start_Multi_Drag_Teach.h
Symlinking /home/fang/catkin_wsfrj/devel/include/dual_arm_msgs/Hand_Force.h
Symlinking /home/fang/catkin_wsfrj/devel/include/dual_arm_msgs/LiftState.h
Symlinking /home/fang/catkin_wsfrj/devel/include/dual_arm_msgs/Lift_Height.h
Symlinking /home/fang/catkin_wsfrj/devel/include/dual_arm_msgs/Manual_Set_Force_Pose.h
Symlinking /home/fang/catkin_wsfrj/devel/include/dual_arm_msgs/Tool_IO_State.h
Symlinking /home/fang/catkin_wsfrj/devel/include/dual_arm_msgs/Cabinet.h
Symlinking /home/fang/catkin_wsfrj/devel/include/dual_arm_msgs/ArmState.h
Symlinking /home/fang/catkin_wsfrj/devel/include/dual_arm_msgs/Joint_Teach.h
Symlinking /home/fang/catkin_wsfrj/devel/include/dual_arm_msgs/ChangeWorkFrame_State.h
Symlinking /home/fang/catkin_wsfrj/devel/include/dual_arm_msgs/ChangeTool_State.h
Symlinking /home/fang/catkin_wsfrj/devel/include/dual_arm_msgs/Socket_Command.h
Symlinking /home/fang/catkin_wsfrj/devel/include/dual_arm_msgs/Tool_Analog_Output.h
Symlinking /home/fang/catkin_wsfrj/devel/include/dual_arm_msgs/Joint_Step.h
Symlinking /home/fang/catkin_wsfrj/devel/include/dual_arm_msgs/Lift_Speed.h
Symlinking /home/fang/catkin_wsfrj/devel/include/dual_arm_msgs/Ort_Teach.h
Symlinking /home/fang/catkin_wsfrj/devel/include/dual_arm_msgs/MoveJ_P.h
Symlinking /home/fang/catkin_wsfrj/devel/include/dual_arm_msgs/Stop.h
