Symlinking /home/fang/catkin_wsfrj/devel/lib/servo_ros/servo_controller
Symlinking /home/fang/catkin_wsfrj/devel/lib/pkgconfig/servo_ros.pc
Symlinking /home/fang/catkin_wsfrj/devel/lib/python3/dist-packages/servo_ros/__init__.py
Symlinking /home/fang/catkin_wsfrj/devel/lib/python3/dist-packages/servo_ros/msg/__init__.py
Symlinking /home/fang/catkin_wsfrj/devel/lib/python3/dist-packages/servo_ros/msg/_ServoAngle.py
Symlinking /home/fang/catkin_wsfrj/devel/lib/python3/dist-packages/servo_ros/msg/_ServoMove.py
Symlinking /home/fang/catkin_wsfrj/devel/share/servo_ros/cmake/servo_rosConfig-version.cmake
Symlinking /home/fang/catkin_wsfrj/devel/share/servo_ros/cmake/servo_ros-msg-paths.cmake
Symlinking /home/fang/catkin_wsfrj/devel/share/servo_ros/cmake/servo_ros-msg-extras.cmake
Symlinking /home/fang/catkin_wsfrj/devel/share/servo_ros/cmake/servo_rosConfig.cmake
Symlinking /home/fang/catkin_wsfrj/devel/share/gennodejs/ros/servo_ros/_index.js
Symlinking /home/fang/catkin_wsfrj/devel/share/gennodejs/ros/servo_ros/msg/ServoAngle.js
Symlinking /home/fang/catkin_wsfrj/devel/share/gennodejs/ros/servo_ros/msg/ServoMove.js
Symlinking /home/fang/catkin_wsfrj/devel/share/gennodejs/ros/servo_ros/msg/_index.js
Symlinking /home/fang/catkin_wsfrj/devel/share/roseus/ros/servo_ros/manifest.l
Symlinking /home/fang/catkin_wsfrj/devel/share/roseus/ros/servo_ros/msg/ServoMove.l
Symlinking /home/fang/catkin_wsfrj/devel/share/roseus/ros/servo_ros/msg/ServoAngle.l
Symlinking /home/fang/catkin_wsfrj/devel/share/common-lisp/ros/servo_ros/msg/servo_ros-msg.asd
Symlinking /home/fang/catkin_wsfrj/devel/share/common-lisp/ros/servo_ros/msg/ServoMove.lisp
Symlinking /home/fang/catkin_wsfrj/devel/share/common-lisp/ros/servo_ros/msg/_package.lisp
Symlinking /home/fang/catkin_wsfrj/devel/share/common-lisp/ros/servo_ros/msg/_package_ServoAngle.lisp
Symlinking /home/fang/catkin_wsfrj/devel/share/common-lisp/ros/servo_ros/msg/ServoAngle.lisp
Symlinking /home/fang/catkin_wsfrj/devel/share/common-lisp/ros/servo_ros/msg/_package_ServoMove.lisp
Symlinking /home/fang/catkin_wsfrj/devel/include/servo_ros/ServoAngle.h
Symlinking /home/fang/catkin_wsfrj/devel/include/servo_ros/ServoMove.h
